[0m16:51:46.810744 [debug] [MainThread]: Sending event: {'category': 'dbt', 'action': 'invocation', 'label': 'start', 'context': [<snowplow_tracker.self_describing_json.SelfDescribingJson object at 0x12415bc20>, <snowplow_tracker.self_describing_json.SelfDescribingJson object at 0x12621b110>, <snowplow_tracker.self_describing_json.SelfDescribingJson object at 0x12621ad50>]}


============================== 16:51:46.885463 | 5243c93c-169d-4490-aa3f-46d8fa8fa509 ==============================
[0m16:51:46.885463 [info ] [MainThread]: Running with dbt=1.10.15
[0m16:51:46.885849 [debug] [MainThread]: running dbt with arguments {'target_path': 'None', 'quiet': 'False', 'use_colors': 'True', 'static_parser': 'True', 'profiles_dir': '..', 'cache_selected_only': 'False', 'write_json': 'True', 'use_experimental_parser': 'False', 'warn_error': 'None', 'fail_fast': 'False', 'log_cache_events': 'False', 'printer_width': '80', 'log_format': 'default', 'introspect': 'True', 'empty': 'None', 'debug': 'False', 'log_path': '/Users/cambiaghiluca/git/data-engineering-bootcamp/dbt/airbnb/logs', 'send_anonymous_usage_stats': 'True', 'no_print': 'None', 'version_check': 'True', 'indirect_selection': 'eager', 'partial_parse': 'True', 'invocation_command': 'dbt debug --profiles-dir ..', 'warn_error_options': 'WarnErrorOptionsV2(error=[], warn=[], silence=[])'}
[0m16:51:47.048471 [info ] [MainThread]: dbt version: 1.10.15
[0m16:51:47.048815 [info ] [MainThread]: python version: 3.12.11
[0m16:51:47.048987 [info ] [MainThread]: python path: /Users/cambiaghiluca/git/data-engineering-bootcamp/.venv/bin/python
[0m16:51:47.049145 [info ] [MainThread]: os info: macOS-15.6.1-arm64-arm-64bit
[0m16:51:48.571594 [info ] [MainThread]: Using profiles dir at ..
[0m16:51:48.571958 [info ] [MainThread]: Using profiles.yml file at ../profiles.yml
[0m16:51:48.572155 [info ] [MainThread]: Using dbt_project.yml file at /Users/cambiaghiluca/git/data-engineering-bootcamp/dbt/airbnb/dbt_project.yml
[0m16:51:48.575292 [info ] [MainThread]: adapter type: postgres
[0m16:51:48.575542 [info ] [MainThread]: adapter version: 1.9.1
[0m16:51:48.618604 [info ] [MainThread]: Configuration:
[0m16:51:48.618883 [info ] [MainThread]:   profiles.yml file [[32mOK found and valid[0m]
[0m16:51:48.619030 [info ] [MainThread]:   dbt_project.yml file [[32mOK found and valid[0m]
[0m16:51:48.619163 [info ] [MainThread]: Required dependencies:
[0m16:51:48.619354 [debug] [MainThread]: Executing "git --help"
[0m16:51:48.628535 [debug] [MainThread]: STDOUT: "b"usage: git [-v | --version] [-h | --help] [-C <path>] [-c <name>=<value>]\n           [--exec-path[=<path>]] [--html-path] [--man-path] [--info-path]\n           [-p | --paginate | -P | --no-pager] [--no-replace-objects] [--no-lazy-fetch]\n           [--no-optional-locks] [--no-advice] [--bare] [--git-dir=<path>]\n           [--work-tree=<path>] [--namespace=<name>] [--config-env=<name>=<envvar>]\n           <command> [<args>]\n\nThese are common Git commands used in various situations:\n\nstart a working area (see also: git help tutorial)\n   clone     Clone a repository into a new directory\n   init      Create an empty Git repository or reinitialize an existing one\n\nwork on the current change (see also: git help everyday)\n   add       Add file contents to the index\n   mv        Move or rename a file, a directory, or a symlink\n   restore   Restore working tree files\n   rm        Remove files from the working tree and from the index\n\nexamine the history and state (see also: git help revisions)\n   bisect    Use binary search to find the commit that introduced a bug\n   diff      Show changes between commits, commit and working tree, etc\n   grep      Print lines matching a pattern\n   log       Show commit logs\n   show      Show various types of objects\n   status    Show the working tree status\n\ngrow, mark and tweak your common history\n   branch    List, create, or delete branches\n   commit    Record changes to the repository\n   merge     Join two or more development histories together\n   rebase    Reapply commits on top of another base tip\n   reset     Reset current HEAD to the specified state\n   switch    Switch branches\n   tag       Create, list, delete or verify a tag object signed with GPG\n\ncollaborate (see also: git help workflows)\n   fetch     Download objects and refs from another repository\n   pull      Fetch from and integrate with another repository or a local branch\n   push      Update remote refs along with associated objects\n\n'git help -a' and 'git help -g' list available subcommands and some\nconcept guides. See 'git help <command>' or 'git help <concept>'\nto read about a specific subcommand or concept.\nSee 'git help git' for an overview of the system.\n""
[0m16:51:48.629235 [debug] [MainThread]: STDERR: "b''"
[0m16:51:48.629442 [info ] [MainThread]:  - git [[32mOK found[0m]

[0m16:51:48.629604 [info ] [MainThread]: Connection:
[0m16:51:48.629755 [info ] [MainThread]:   host: localhost
[0m16:51:48.629874 [info ] [MainThread]:   port: 5433
[0m16:51:48.629993 [info ] [MainThread]:   user: dbt
[0m16:51:48.630097 [info ] [MainThread]:   database: airbnb
[0m16:51:48.630204 [info ] [MainThread]:   schema: dev
[0m16:51:48.630308 [info ] [MainThread]:   connect_timeout: 10
[0m16:51:48.630416 [info ] [MainThread]:   role: None
[0m16:51:48.630520 [info ] [MainThread]:   search_path: None
[0m16:51:48.630626 [info ] [MainThread]:   keepalives_idle: 0
[0m16:51:48.630732 [info ] [MainThread]:   sslmode: None
[0m16:51:48.630835 [info ] [MainThread]:   sslcert: None
[0m16:51:48.630936 [info ] [MainThread]:   sslkey: None
[0m16:51:48.631040 [info ] [MainThread]:   sslrootcert: None
[0m16:51:48.631146 [info ] [MainThread]:   application_name: dbt
[0m16:51:48.631250 [info ] [MainThread]:   retries: 1
[0m16:51:48.631873 [info ] [MainThread]: Registered adapter: postgres=1.9.1
[0m16:51:48.678765 [debug] [MainThread]: Acquiring new postgres connection 'debug'
[0m16:51:49.192101 [debug] [MainThread]: Using postgres connection "debug"
[0m16:51:49.192600 [debug] [MainThread]: On debug: select 1 as id
[0m16:51:49.192935 [debug] [MainThread]: Opening a new connection, currently in state init
[0m16:51:49.418055 [debug] [MainThread]: SQL status: SELECT 1 in 0.225 seconds
[0m16:51:49.419169 [debug] [MainThread]: On debug: Close
[0m16:51:49.419602 [info ] [MainThread]:   Connection test: [[32mOK connection ok[0m]

[0m16:51:49.419923 [info ] [MainThread]: [32mAll checks passed![0m
[0m16:51:49.420533 [debug] [MainThread]: Resource report: {"command_name": "debug", "command_success": true, "command_wall_clock_time": 2.7195024, "process_in_blocks": "0", "process_kernel_time": 0.718971, "process_mem_max_rss": "198049792", "process_out_blocks": "0", "process_user_time": 2.147008}
[0m16:51:49.421090 [debug] [MainThread]: Command `dbt debug` succeeded at 16:51:49.420991 after 2.72 seconds
[0m16:51:49.421440 [debug] [MainThread]: Connection 'debug' was properly closed.
[0m16:51:49.421839 [debug] [MainThread]: Sending event: {'category': 'dbt', 'action': 'invocation', 'label': 'end', 'context': [<snowplow_tracker.self_describing_json.SelfDescribingJson object at 0x12627aea0>, <snowplow_tracker.self_describing_json.SelfDescribingJson object at 0x126318560>, <snowplow_tracker.self_describing_json.SelfDescribingJson object at 0x12600c440>]}
[0m16:51:49.422288 [debug] [MainThread]: Flushing usage events
[0m16:51:49.907221 [debug] [MainThread]: An error was encountered while trying to flush usage events
[0m16:59:52.202902 [debug] [MainThread]: Sending event: {'category': 'dbt', 'action': 'invocation', 'label': 'start', 'context': [<snowplow_tracker.self_describing_json.SelfDescribingJson object at 0x104f1d6a0>, <snowplow_tracker.self_describing_json.SelfDescribingJson object at 0x106045fd0>, <snowplow_tracker.self_describing_json.SelfDescribingJson object at 0x106045c10>]}


============================== 16:59:52.206415 | ec3e96d9-c9f6-4ae3-9d37-68e3275c2bb9 ==============================
[0m16:59:52.206415 [info ] [MainThread]: Running with dbt=1.10.15
[0m16:59:52.206730 [debug] [MainThread]: running dbt with arguments {'cache_selected_only': 'False', 'static_parser': 'True', 'fail_fast': 'False', 'quiet': 'False', 'use_colors': 'True', 'introspect': 'True', 'write_json': 'True', 'indirect_selection': 'eager', 'use_experimental_parser': 'False', 'debug': 'False', 'invocation_command': 'dbt debug --profiles-dir ..', 'target_path': 'None', 'log_format': 'default', 'empty': 'None', 'partial_parse': 'True', 'printer_width': '80', 'version_check': 'True', 'warn_error_options': 'WarnErrorOptionsV2(error=[], warn=[], silence=[])', 'log_path': '/Users/cambiaghiluca/git/data-engineering-bootcamp/bootcamp/dbt/airbnb/logs', 'profiles_dir': '..', 'warn_error': 'None', 'log_cache_events': 'False', 'send_anonymous_usage_stats': 'True', 'no_print': 'None'}
[0m16:59:52.227032 [info ] [MainThread]: dbt version: 1.10.15
[0m16:59:52.227275 [info ] [MainThread]: python version: 3.12.11
[0m16:59:52.227410 [info ] [MainThread]: python path: /Users/cambiaghiluca/git/data-engineering-bootcamp/.venv/bin/python
[0m16:59:52.227531 [info ] [MainThread]: os info: macOS-15.6.1-arm64-arm-64bit
[0m16:59:52.274599 [info ] [MainThread]: Using profiles dir at ..
[0m16:59:52.274826 [info ] [MainThread]: Using profiles.yml file at ../profiles.yml
[0m16:59:52.274958 [info ] [MainThread]: Using dbt_project.yml file at /Users/cambiaghiluca/git/data-engineering-bootcamp/bootcamp/dbt/airbnb/dbt_project.yml
[0m16:59:52.275784 [info ] [MainThread]: adapter type: postgres
[0m16:59:52.275906 [info ] [MainThread]: adapter version: 1.9.1
[0m16:59:52.305968 [info ] [MainThread]: Configuration:
[0m16:59:52.306220 [info ] [MainThread]:   profiles.yml file [[32mOK found and valid[0m]
[0m16:59:52.306356 [info ] [MainThread]:   dbt_project.yml file [[32mOK found and valid[0m]
[0m16:59:52.306482 [info ] [MainThread]: Required dependencies:
[0m16:59:52.306663 [debug] [MainThread]: Executing "git --help"
[0m16:59:52.321078 [debug] [MainThread]: STDOUT: "b"usage: git [-v | --version] [-h | --help] [-C <path>] [-c <name>=<value>]\n           [--exec-path[=<path>]] [--html-path] [--man-path] [--info-path]\n           [-p | --paginate | -P | --no-pager] [--no-replace-objects] [--no-lazy-fetch]\n           [--no-optional-locks] [--no-advice] [--bare] [--git-dir=<path>]\n           [--work-tree=<path>] [--namespace=<name>] [--config-env=<name>=<envvar>]\n           <command> [<args>]\n\nThese are common Git commands used in various situations:\n\nstart a working area (see also: git help tutorial)\n   clone     Clone a repository into a new directory\n   init      Create an empty Git repository or reinitialize an existing one\n\nwork on the current change (see also: git help everyday)\n   add       Add file contents to the index\n   mv        Move or rename a file, a directory, or a symlink\n   restore   Restore working tree files\n   rm        Remove files from the working tree and from the index\n\nexamine the history and state (see also: git help revisions)\n   bisect    Use binary search to find the commit that introduced a bug\n   diff      Show changes between commits, commit and working tree, etc\n   grep      Print lines matching a pattern\n   log       Show commit logs\n   show      Show various types of objects\n   status    Show the working tree status\n\ngrow, mark and tweak your common history\n   branch    List, create, or delete branches\n   commit    Record changes to the repository\n   merge     Join two or more development histories together\n   rebase    Reapply commits on top of another base tip\n   reset     Reset current HEAD to the specified state\n   switch    Switch branches\n   tag       Create, list, delete or verify a tag object signed with GPG\n\ncollaborate (see also: git help workflows)\n   fetch     Download objects and refs from another repository\n   pull      Fetch from and integrate with another repository or a local branch\n   push      Update remote refs along with associated objects\n\n'git help -a' and 'git help -g' list available subcommands and some\nconcept guides. See 'git help <command>' or 'git help <concept>'\nto read about a specific subcommand or concept.\nSee 'git help git' for an overview of the system.\n""
[0m16:59:52.321504 [debug] [MainThread]: STDERR: "b''"
[0m16:59:52.321659 [info ] [MainThread]:  - git [[32mOK found[0m]

[0m16:59:52.321803 [info ] [MainThread]: Connection:
[0m16:59:52.321936 [info ] [MainThread]:   host: localhost
[0m16:59:52.322049 [info ] [MainThread]:   port: 5433
[0m16:59:52.322152 [info ] [MainThread]:   user: dbt
[0m16:59:52.322256 [info ] [MainThread]:   database: airbnb
[0m16:59:52.322356 [info ] [MainThread]:   schema: dev
[0m16:59:52.322458 [info ] [MainThread]:   connect_timeout: 10
[0m16:59:52.322564 [info ] [MainThread]:   role: None
[0m16:59:52.322663 [info ] [MainThread]:   search_path: None
[0m16:59:52.322764 [info ] [MainThread]:   keepalives_idle: 0
[0m16:59:52.322860 [info ] [MainThread]:   sslmode: None
[0m16:59:52.322956 [info ] [MainThread]:   sslcert: None
[0m16:59:52.323059 [info ] [MainThread]:   sslkey: None
[0m16:59:52.323162 [info ] [MainThread]:   sslrootcert: None
[0m16:59:52.323265 [info ] [MainThread]:   application_name: dbt
[0m16:59:52.323368 [info ] [MainThread]:   retries: 1
[0m16:59:52.323635 [info ] [MainThread]: Registered adapter: postgres=1.9.1
[0m16:59:52.364799 [debug] [MainThread]: Acquiring new postgres connection 'debug'
[0m16:59:52.437638 [debug] [MainThread]: Using postgres connection "debug"
[0m16:59:52.437832 [debug] [MainThread]: On debug: select 1 as id
[0m16:59:52.437946 [debug] [MainThread]: Opening a new connection, currently in state init
[0m16:59:52.477966 [debug] [MainThread]: SQL status: SELECT 1 in 0.040 seconds
[0m16:59:52.478403 [debug] [MainThread]: On debug: Close
[0m16:59:52.478550 [info ] [MainThread]:   Connection test: [[32mOK connection ok[0m]

[0m16:59:52.478694 [info ] [MainThread]: [32mAll checks passed![0m
[0m16:59:52.478980 [debug] [MainThread]: Resource report: {"command_name": "debug", "command_success": true, "command_wall_clock_time": 0.35922322, "process_in_blocks": "0", "process_kernel_time": 0.210586, "process_mem_max_rss": "138985472", "process_out_blocks": "0", "process_user_time": 0.897564}
[0m16:59:52.479195 [debug] [MainThread]: Command `dbt debug` succeeded at 16:59:52.479155 after 0.36 seconds
[0m16:59:52.479328 [debug] [MainThread]: Connection 'debug' was properly closed.
[0m16:59:52.479484 [debug] [MainThread]: Sending event: {'category': 'dbt', 'action': 'invocation', 'label': 'end', 'context': [<snowplow_tracker.self_describing_json.SelfDescribingJson object at 0x105ae97f0>, <snowplow_tracker.self_describing_json.SelfDescribingJson object at 0x1066096a0>, <snowplow_tracker.self_describing_json.SelfDescribingJson object at 0x105fe6e10>]}
[0m16:59:52.479653 [debug] [MainThread]: Flushing usage events
[0m16:59:52.928976 [debug] [MainThread]: An error was encountered while trying to flush usage events
